<?xml version="1.0" encoding="UTF-8"?>
<!-- Generated by org.testng.reporters.JUnitXMLReporter -->
<testsuite hostname="KATHIR-LAP" ignored="0" name="Test" tests="5" failures="1" timestamp="27 Jul 2019 06:39:24 GMT" time="147.858" errors="0">
  <testcase name="createLead" time="15.718" classname="week5day1.CreateLead"/>
  <testcase name="deleteLead" time="27.141" classname="week5day1.DeleteLead"/>
  <testcase name="editLead" time="24.234" classname="week5day1.EditLead"/>
  <testcase name="mergeLead" time="27.625" classname="week5day1.MergeLead"/>
  <testcase name="duplicateLead" time="53.087" classname="week5day1.DuplicateLead">
    <failure type="org.openqa.selenium.NoSuchElementException" message="Cannot locate an element using id=username
For documentation on this error, please visit: https://www.seleniumhq.org/exceptions/no_such_element.html
Build info: version: &amp;apos;3.141.59&amp;apos;, revision: &amp;apos;e82be7d358&amp;apos;, time: &amp;apos;2018-11-14T08:17:03&amp;apos;
System info: host: &amp;apos;KATHIR-LAP&amp;apos;, ip: &amp;apos;192.168.1.53&amp;apos;, os.name: &amp;apos;Windows 10&amp;apos;, os.arch: &amp;apos;amd64&amp;apos;, os.version: &amp;apos;10.0&amp;apos;, java.version: &amp;apos;1.8.0_171&amp;apos;
Driver info: driver.version: RemoteWebDriver">
      <![CDATA[org.openqa.selenium.NoSuchElementException: Cannot locate an element using id=username
For documentation on this error, please visit: https://www.seleniumhq.org/exceptions/no_such_element.html
Build info: version: '3.141.59', revision: 'e82be7d358', time: '2018-11-14T08:17:03'
System info: host: 'KATHIR-LAP', ip: '192.168.1.53', os.name: 'Windows 10', os.arch: 'amd64', os.version: '10.0', java.version: '1.8.0_171'
Driver info: driver.version: RemoteWebDriver
at org.openqa.selenium.remote.RemoteWebDriver.findElement(RemoteWebDriver.java:327)
at org.openqa.selenium.remote.RemoteWebDriver.findElementById(RemoteWebDriver.java:372)
at week5day1.projectSpecificMethods.login(projectSpecificMethods.java:15)
at week5day1.DuplicateLead.duplicateLead(DuplicateLead.java:22)
... Removed 25 stack frames]]>
    </failure>
  </testcase> <!-- duplicateLead -->
</testsuite> <!-- Test -->
